INFO: 2023-10-19 23:19:17,159: main() 'Using profile folder /home/red/.config/variety/'
INFO: 2023-10-19 23:19:17,161: perform_upgrade() 'Last run version was 0.8.10 or earlier, current version is 0.8.10'
INFO: 2023-10-19 23:19:17,265: process_command() 'Received command: []'
INFO: 2023-10-19 23:19:17,266: start() 'Using data_path /usr/share/variety'
INFO: 2023-10-19 23:19:17,266: load() 'Jumble loading'
INFO: 2023-10-19 23:19:17,267: _walk_modules() 'Jumble loading module in __init__ from /usr/lib/python3.11/site-packages/variety/plugins/builtin/__init__.py'
INFO: 2023-10-19 23:19:17,268: _walk_modules() 'Jumble loading module in MediaRSSDownloader from /usr/lib/python3.11/site-packages/variety/plugins/builtin/downloaders/MediaRSSDownloader.py'
INFO: 2023-10-19 23:19:17,269: _walk_modules() 'Jumble loading module in RedditDownloader from /usr/lib/python3.11/site-packages/variety/plugins/builtin/downloaders/RedditDownloader.py'
INFO: 2023-10-19 23:19:17,269: _walk_modules() 'Jumble loading module in ArtStationDownloader from /usr/lib/python3.11/site-packages/variety/plugins/builtin/downloaders/ArtStationDownloader.py'
INFO: 2023-10-19 23:19:17,270: _walk_modules() 'Jumble loading module in MediaRSSSource from /usr/lib/python3.11/site-packages/variety/plugins/builtin/downloaders/MediaRSSSource.py'
INFO: 2023-10-19 23:19:17,271: load() 'Jumble found plugin class: <class 'MediaRSSSource.MediaRSSSource'>: {'name': 'MediaRSSSource', 'description': 'Configurable source for fetching images from MediaRSS feeds', 'author': 'Peter Levi', 'version': '0.1'}'
INFO: 2023-10-19 23:19:17,272: _walk_modules() 'Jumble loading module in UnsplashDownloader from /usr/lib/python3.11/site-packages/variety/plugins/builtin/downloaders/UnsplashDownloader.py'
INFO: 2023-10-19 23:19:17,273: load() 'Jumble found plugin class: <class 'UnsplashDownloader.UnsplashDownloader'>: {'name': 'UnsplashDownloader', 'description': 'High-resolution photos from Unsplash.com', 'author': 'Peter Levi', 'version': '0.1'}'
INFO: 2023-10-19 23:19:17,274: _walk_modules() 'Jumble loading module in __init__ from /usr/lib/python3.11/site-packages/variety/plugins/builtin/downloaders/__init__.py'
INFO: 2023-10-19 23:19:17,274: _walk_modules() 'Jumble loading module in UnsplashConfigurableSource from /usr/lib/python3.11/site-packages/variety/plugins/builtin/downloaders/UnsplashConfigurableSource.py'
INFO: 2023-10-19 23:19:17,276: load() 'Jumble found plugin class: <class 'UnsplashConfigurableSource.UnsplashConfigurableSource'>: {'name': 'UnsplashConfigurableSource', 'description': 'Configurable source for fetching photos from Unsplash.com', 'author': 'Peter Levi', 'version': '0.1'}'
INFO: 2023-10-19 23:19:17,276: _walk_modules() 'Jumble loading module in WallhavenSource from /usr/lib/python3.11/site-packages/variety/plugins/builtin/downloaders/WallhavenSource.py'
INFO: 2023-10-19 23:19:17,278: load() 'Jumble found plugin class: <class 'WallhavenSource.WallhavenSource'>: {'name': 'WallhavenSource', 'description': 'Configurable source for fetching images from Wallhaven.cc', 'author': 'Peter Levi', 'version': '0.1'}'
INFO: 2023-10-19 23:19:17,279: _walk_modules() 'Jumble loading module in RedditSource from /usr/lib/python3.11/site-packages/variety/plugins/builtin/downloaders/RedditSource.py'
INFO: 2023-10-19 23:19:17,279: load() 'Jumble found plugin class: <class 'RedditSource.RedditSource'>: {'name': 'RedditSource', 'description': 'Configurable source for fetching images from Reddit', 'author': 'Peter Levi', 'version': '0.1'}'
INFO: 2023-10-19 23:19:17,280: _walk_modules() 'Jumble loading module in WallhavenDownloader from /usr/lib/python3.11/site-packages/variety/plugins/builtin/downloaders/WallhavenDownloader.py'
INFO: 2023-10-19 23:19:17,280: _walk_modules() 'Jumble loading module in WallhavenLegacyDownloader from /usr/lib/python3.11/site-packages/variety/plugins/builtin/downloaders/WallhavenLegacyDownloader.py'
INFO: 2023-10-19 23:19:17,281: _walk_modules() 'Jumble loading module in NationalGeographicDownloader from /usr/lib/python3.11/site-packages/variety/plugins/builtin/downloaders/NationalGeographicDownloader.py'
INFO: 2023-10-19 23:19:17,281: load() 'Jumble found plugin class: <class 'NationalGeographicDownloader.NationalGeographicDownloader'>: {'name': 'NationalGeographicDownloader', 'description': "National Geographic's photo of the day", 'author': 'Eric Rösch', 'version': '0.1'}'
INFO: 2023-10-19 23:19:17,281: _walk_modules() 'Jumble loading module in BingDownloader from /usr/lib/python3.11/site-packages/variety/plugins/builtin/downloaders/BingDownloader.py'
INFO: 2023-10-19 23:19:17,282: load() 'Jumble found plugin class: <class 'BingDownloader.BingDownloader'>: {'name': 'BingDownloader', 'description': 'Bing Photo of the Day', 'author': 'Peter Levi', 'version': '0.1'}'
INFO: 2023-10-19 23:19:17,282: _walk_modules() 'Jumble loading module in APODDownloader from /usr/lib/python3.11/site-packages/variety/plugins/builtin/downloaders/APODDownloader.py'
INFO: 2023-10-19 23:19:17,283: load() 'Jumble found plugin class: <class 'APODDownloader.APODDownloader'>: {'name': 'APODDownloader', 'description': 'NASA Astro Pic of the Day', 'author': 'Peter Levi', 'version': '0.1'}'
INFO: 2023-10-19 23:19:17,283: _walk_modules() 'Jumble loading module in EarthviewDownloader from /usr/lib/python3.11/site-packages/variety/plugins/builtin/downloaders/EarthviewDownloader.py'
INFO: 2023-10-19 23:19:17,284: load() 'Jumble found plugin class: <class 'EarthviewDownloader.EarthviewDownloader'>: {'name': 'EarthviewDownloader', 'description': 'Google Earth View Wallpapers', 'author': 'Peter Levi', 'version': '0.1'}'
INFO: 2023-10-19 23:19:17,284: _walk_modules() 'Jumble loading module in ArtStationSource from /usr/lib/python3.11/site-packages/variety/plugins/builtin/downloaders/ArtStationSource.py'
INFO: 2023-10-19 23:19:17,285: load() 'Jumble found plugin class: <class 'ArtStationSource.ArtStationSource'>: {'name': 'ArtStationSource', 'description': 'Configurable source for fetching images from ArtStation', 'author': 'Denis Gordeev', 'version': '0.1'}'
INFO: 2023-10-19 23:19:17,285: _walk_modules() 'Jumble loading module in QuotationsPageSource from /usr/lib/python3.11/site-packages/variety/plugins/builtin/quotes/QuotationsPageSource.py'
INFO: 2023-10-19 23:19:17,326: load() 'Jumble found plugin class: <class 'QuotationsPageSource.QuotationsPageSource'>: {'name': 'TheQuotationsPage.com', 'description': 'Fetches quotes from TheQuotationsPage.com', 'author': 'Peter Levi', 'version': '0.1'}'
INFO: 2023-10-19 23:19:17,327: _walk_modules() 'Jumble loading module in __init__ from /usr/lib/python3.11/site-packages/variety/plugins/builtin/quotes/__init__.py'
INFO: 2023-10-19 23:19:17,327: _walk_modules() 'Jumble loading module in UrbanDictionarySource from /usr/lib/python3.11/site-packages/variety/plugins/builtin/quotes/UrbanDictionarySource.py'
INFO: 2023-10-19 23:19:17,327: load() 'Jumble found plugin class: <class 'UrbanDictionarySource.UrbanDictionarySource'>: {'name': 'Urban Dictionary', 'description': 'Displays definitions from Urban Dictionary', 'author': 'James Miller', 'version': '0.1'}'
INFO: 2023-10-19 23:19:17,328: _walk_modules() 'Jumble loading module in LocalFilesSource from /usr/lib/python3.11/site-packages/variety/plugins/builtin/quotes/LocalFilesSource.py'
INFO: 2023-10-19 23:19:17,328: load() 'Jumble found plugin class: <class 'LocalFilesSource.LocalFilesSource'>: {'name': 'Local text files', 'description': 'Displays quotes, defined in local text files.\nPut your own txt files in: ~/.config/variety/pluginconfig/quotes/.\nThe file format is:\n\nquote -- author\n.\nsecond quote -- another author\n.\netc...\n\nExample: http://rvelthuis.de/zips/quotes.txt', 'author': 'Peter Levi', 'version': '0.1'}'
INFO: 2023-10-19 23:19:17,329: _walk_modules() 'Jumble loading module in GoodreadsSource from /usr/lib/python3.11/site-packages/variety/plugins/builtin/quotes/GoodreadsSource.py'
INFO: 2023-10-19 23:19:17,329: load() 'Jumble found plugin class: <class 'GoodreadsSource.GoodreadsSource'>: {'name': 'Goodreads', 'description': 'Fetches quotes from Goodreads.com', 'author': 'Peter Levi', 'version': '0.1'}'
INFO: 2023-10-19 23:19:17,330: _walk_modules() 'Jumble loading module in FortuneSource from /usr/lib/python3.11/site-packages/variety/plugins/builtin/quotes/FortuneSource.py'
INFO: 2023-10-19 23:19:17,330: load() 'Jumble found plugin class: <class 'FortuneSource.FortuneSource'>: {'name': 'UNIX fortune program', 'description': 'Displays quotes using the UNIX fortune program. You may want to install additional fortune packs, e.g. fortunes-bofh-excuses.', 'author': 'Dan Jones', 'version': '0.1'}'
INFO: 2023-10-19 23:19:17,331: _walk_modules() 'Jumble loading module in GnomeDisplayModesPlugin from /usr/lib/python3.11/site-packages/variety/plugins/builtin/display_modes/GnomeDisplayModesPlugin.py'
INFO: 2023-10-19 23:19:17,332: load() 'Jumble found plugin class: <class 'GnomeDisplayModesPlugin.GnomeDisplayModesPlugin'>: {'name': 'GnomeDisplayModesPlugin', 'description': 'Display modes relying on the underlying desktop environment', 'version': '1.0', 'author': 'Peter Levi'}'
INFO: 2023-10-19 23:19:17,332: _walk_modules() 'Jumble loading module in ResizingDisplayModesPlugin from /usr/lib/python3.11/site-packages/variety/plugins/builtin/display_modes/ResizingDisplayModesPlugin.py'
INFO: 2023-10-19 23:19:17,332: load() 'Jumble found plugin class: <class 'ResizingDisplayModesPlugin.ResizingDisplayModesPlugin'>: {'name': 'ResizingDisplayModesPlugin', 'description': 'Display modes that use image resizing within Variety', 'version': '1.0', 'author': 'Peter Levi'}'
INFO: 2023-10-19 23:19:17,333: _walk_modules() 'Jumble loading module in __init__ from /usr/lib/python3.11/site-packages/variety/plugins/builtin/display_modes/__init__.py'
INFO: 2023-10-19 23:19:17,333: _walk_modules() 'Jumble loading module in LegacyDisplayModesPlugin from /usr/lib/python3.11/site-packages/variety/plugins/builtin/display_modes/LegacyDisplayModesPlugin.py'
INFO: 2023-10-19 23:19:17,334: load() 'Jumble found plugin class: <class 'LegacyDisplayModesPlugin.LegacyDisplayModesPlugin'>: {'name': 'LegacyDisplayModesPlugin', 'description': 'Legacy display mode for compatibility with past Variety versions', 'version': '1.0', 'author': 'Peter Levi'}'
INFO: 2023-10-19 23:19:17,346: log_options() 'Loaded options:'
INFO: 2023-10-19 23:19:17,346: log_options() 'change_enabled = False'
INFO: 2023-10-19 23:19:17,346: log_options() 'change_interval = 43200'
INFO: 2023-10-19 23:19:17,346: log_options() 'change_on_start = False'
INFO: 2023-10-19 23:19:17,346: log_options() 'clipboard_enabled = False'
INFO: 2023-10-19 23:19:17,346: log_options() 'clipboard_hosts = ['wallhaven.cc', 'wallpapers.net', 'flickr.com', 'imgur.com', 'deviantart.com', 'interfacelift.com', 'vladstudio.com', 'imageshack.us', 'deviantart.net', 'imageshack.com']'
INFO: 2023-10-19 23:19:17,346: log_options() 'clipboard_use_whitelist = True'
INFO: 2023-10-19 23:19:17,346: log_options() 'clock_date_font = Serif 30'
INFO: 2023-10-19 23:19:17,346: log_options() 'clock_enabled = False'
INFO: 2023-10-19 23:19:17,346: log_options() 'clock_filter = -density 100 -font `fc-match -f '%{file[0]}' '%CLOCK_FONT_NAME'` -pointsize %CLOCK_FONT_SIZE -gravity SouthEast -fill '#00000044' -annotate 0x0+[%HOFFSET+58]+[%VOFFSET+108] '%H:%M' -fill white -annotate 0x0+[%HOFFSET+60]+[%VOFFSET+110] '%H:%M' -font `fc-match -f '%{file[0]}' '%DATE_FONT_NAME'` -pointsize %DATE_FONT_SIZE -fill '#00000044' -annotate 0x0+[%HOFFSET+58]+[%VOFFSET+58] '%A, %B %d' -fill white -annotate 0x0+[%HOFFSET+60]+[%VOFFSET+60] '%A, %B %d''
INFO: 2023-10-19 23:19:17,346: log_options() 'clock_font = Serif 70'
INFO: 2023-10-19 23:19:17,346: log_options() 'configfile = /home/red/.config/variety/variety.conf'
INFO: 2023-10-19 23:19:17,346: log_options() 'copyto_enabled = False'
INFO: 2023-10-19 23:19:17,346: log_options() 'copyto_folder = Default'
INFO: 2023-10-19 23:19:17,347: log_options() 'desired_color = [160, 160, 160]'
INFO: 2023-10-19 23:19:17,347: log_options() 'desired_color_enabled = False'
INFO: 2023-10-19 23:19:17,347: log_options() 'download_folder = /home/red/.config/variety/Downloaded'
INFO: 2023-10-19 23:19:17,347: log_options() 'download_preference_ratio = 0.9'
INFO: 2023-10-19 23:19:17,347: log_options() 'favorites_folder = /home/red/.config/variety/Favorites'
INFO: 2023-10-19 23:19:17,347: log_options() 'favorites_operations = [['Downloaded', 'Copy'], ['Fetched', 'Move'], ['Others', 'Copy']]'
INFO: 2023-10-19 23:19:17,347: log_options() 'fetched_folder = /home/red/.config/variety/Fetched'
INFO: 2023-10-19 23:19:17,347: log_options() 'filters = [[False, 'Keep original', ''], [False, 'Grayscale', '-type Grayscale'], [False, 'Heavy blur', '-scale 20% -blur 0x10 -resize 500%'], [False, 'Soft blur', '-scale 20% -blur 0x2 -resize 500%'], [False, 'Oil painting', '-paint 8'], [False, 'Pointilism', '-spread 10 -noise 3'], [False, 'Pixellate', '-scale 3% -scale 3333%']]'
INFO: 2023-10-19 23:19:17,347: log_options() 'get_wallpaper_script = /home/red/.config/variety/scripts/get_wallpaper'
INFO: 2023-10-19 23:19:17,347: log_options() 'icon = Light'
INFO: 2023-10-19 23:19:17,347: log_options() 'internet_enabled = False'
INFO: 2023-10-19 23:19:17,347: log_options() 'lightness_enabled = False'
INFO: 2023-10-19 23:19:17,347: log_options() 'lightness_mode = 0'
INFO: 2023-10-19 23:19:17,347: log_options() 'min_rating = 4'
INFO: 2023-10-19 23:19:17,347: log_options() 'min_rating_enabled = False'
INFO: 2023-10-19 23:19:17,347: log_options() 'min_size = 80'
INFO: 2023-10-19 23:19:17,347: log_options() 'min_size_enabled = False'
INFO: 2023-10-19 23:19:17,347: log_options() 'quota_enabled = True'
INFO: 2023-10-19 23:19:17,347: log_options() 'quota_size = 1000'
INFO: 2023-10-19 23:19:17,347: log_options() 'quotes_authors = '
INFO: 2023-10-19 23:19:17,347: log_options() 'quotes_bg_color = [80, 80, 80]'
INFO: 2023-10-19 23:19:17,347: log_options() 'quotes_bg_opacity = 55'
INFO: 2023-10-19 23:19:17,347: log_options() 'quotes_change_enabled = False'
INFO: 2023-10-19 23:19:17,347: log_options() 'quotes_change_interval = 300'
INFO: 2023-10-19 23:19:17,347: log_options() 'quotes_disabled_sources = ['Urban Dictionary']'
INFO: 2023-10-19 23:19:17,347: log_options() 'quotes_enabled = False'
INFO: 2023-10-19 23:19:17,347: log_options() 'quotes_favorites_file = /home/red/.config/variety/favorite_quotes.txt'
INFO: 2023-10-19 23:19:17,347: log_options() 'quotes_font = Serif 30'
INFO: 2023-10-19 23:19:17,347: log_options() 'quotes_hpos = 100'
INFO: 2023-10-19 23:19:17,347: log_options() 'quotes_max_length = 250'
INFO: 2023-10-19 23:19:17,347: log_options() 'quotes_tags = '
INFO: 2023-10-19 23:19:17,347: log_options() 'quotes_text_color = [255, 255, 255]'
INFO: 2023-10-19 23:19:17,347: log_options() 'quotes_text_shadow = False'
INFO: 2023-10-19 23:19:17,347: log_options() 'quotes_vpos = 40'
INFO: 2023-10-19 23:19:17,347: log_options() 'quotes_width = 70'
INFO: 2023-10-19 23:19:17,347: log_options() 'safe_mode = False'
INFO: 2023-10-19 23:19:17,347: log_options() 'set_wallpaper_script = /home/red/.config/variety/scripts/set_wallpaper'
INFO: 2023-10-19 23:19:17,347: log_options() 'slideshow_custom_enabled = False'
INFO: 2023-10-19 23:19:17,347: log_options() 'slideshow_custom_folder = /home/red/Pictures'
INFO: 2023-10-19 23:19:17,347: log_options() 'slideshow_downloads_enabled = False'
INFO: 2023-10-19 23:19:17,347: log_options() 'slideshow_fade = 0.4'
INFO: 2023-10-19 23:19:17,347: log_options() 'slideshow_favorites_enabled = True'
INFO: 2023-10-19 23:19:17,347: log_options() 'slideshow_mode = Fullscreen'
INFO: 2023-10-19 23:19:17,347: log_options() 'slideshow_monitor = All'
INFO: 2023-10-19 23:19:17,348: log_options() 'slideshow_pan = 0.05'
INFO: 2023-10-19 23:19:17,348: log_options() 'slideshow_seconds = 6.0'
INFO: 2023-10-19 23:19:17,348: log_options() 'slideshow_sort_order = Random'
INFO: 2023-10-19 23:19:17,348: log_options() 'slideshow_sources_enabled = True'
INFO: 2023-10-19 23:19:17,348: log_options() 'slideshow_zoom = 0.2'
INFO: 2023-10-19 23:19:17,348: log_options() 'smart_enabled = False'
INFO: 2023-10-19 23:19:17,348: log_options() 'smart_notice_shown = False'
INFO: 2023-10-19 23:19:17,348: log_options() 'smart_register_shown = False'
INFO: 2023-10-19 23:19:17,348: log_options() 'sources = [[False, 'favorites', 'The Favorites folder'], [False, 'fetched', 'The Fetched folder'], [False, 'folder', '/usr/share/backgrounds'], [False, 'flickr', 'user:www.flickr.com/photos/peter-levi/;user_id:93647178@N00;'], [False, 'apod', "NASA's Astronomy Picture of the Day"], [False, 'bing', 'Bing Photo of the Day'], [False, 'earthview', 'Google Earth View Wallpapers'], [False, 'natgeo', "National Geographic's photo of the day"], [False, 'unsplash', 'High-resolution photos from Unsplash.com'], [True, 'folder', '/home/red/.config/i3/wallpapers']]'
INFO: 2023-10-19 23:19:17,348: log_options() 'stats_enabled = True'
INFO: 2023-10-19 23:19:17,348: log_options() 'stats_notice_shown = False'
INFO: 2023-10-19 23:19:17,348: log_options() 'sync_enabled = True'
INFO: 2023-10-19 23:19:17,348: log_options() 'use_landscape_enabled = True'
INFO: 2023-10-19 23:19:17,348: log_options() 'wallhaven_api_key = '
INFO: 2023-10-19 23:19:17,348: log_options() 'wallpaper_auto_rotate = False'
INFO: 2023-10-19 23:19:17,348: log_options() 'wallpaper_display_mode = os'
INFO: 2023-10-19 23:19:17,348: reload_config() 'No need to clear prepared queue'
INFO: 2023-10-19 23:19:17,348: update_indicator() 'Setting file info to: /home/red/.config/i3/wallpapers/0759750a41964c5888557fa070d088d6.jpg'
INFO: 2023-10-19 23:19:17,350: load_banned() 'Missing or invalid banned URLs list, no URLs will be banned'
INFO: 2023-10-19 23:19:17,351: load_last_change_time() 'Change interval >= 6 hours, using persisted last_change_time 1697761666.2983801'
INFO: 2023-10-19 23:19:17,351: load_last_change_time() 'Still to wait: 29308 seconds'
INFO: 2023-10-19 23:19:17,351: update_indicator() 'Setting file info to: /home/red/.config/i3/wallpapers/0759750a41964c5888557fa070d088d6.jpg'
INFO: 2023-10-19 23:19:17,351: regular_change_thread() 'regular_change thread running'
INFO: 2023-10-19 23:19:17,351: regular_change_thread() 'regular_change: waiting till user resumes'
INFO: 2023-10-19 23:19:17,351: prepare_thread() 'Prepare thread running'
INFO: 2023-10-19 23:19:17,352: prepare_thread() 'Prepared buffer contains 0 images'
INFO: 2023-10-19 23:19:17,352: prepare_thread() 'Preparing some images'
INFO: 2023-10-19 23:19:17,353: update_indicator_icon() 'Creating indicator'
INFO: 2023-10-19 23:19:17,356: prepare_thread() 'After search prepared buffer contains 4 images'
WARNING: 2023-10-19 23:19:17,363: create_menu() 'Variety Slideshow is not installed. This is an optional extension adding pan-and-zoom slideshows to Variety: see https://github.com/peterlevi/variety-slideshow for details'
INFO: 2023-10-19 23:19:17,364: create_indicator() 'indicator backend: AppIndicator3'
INFO: 2023-10-19 23:19:17,373: set_from_theme_icon() 'Showing indicator icon variety-indicator from GTK theme'
INFO: 2023-10-19 23:19:17,451: do_set_wp() 'Calling do_set_wp with /home/red/.config/i3/wallpapers/0759750a41964c5888557fa070d088d6.jpg, time: 1697775557.4513683'
INFO: 2023-10-19 23:19:17,462: update_indicator() 'Setting file info to: /home/red/.config/i3/wallpapers/0759750a41964c5888557fa070d088d6.jpg'
INFO: 2023-10-19 23:19:18,729: reload() 'Reloading preferences dialog'
INFO: 2023-10-19 23:19:19,357: trigger_download() 'Triggering download thread to check if download needed and possible'
INFO: 2023-10-19 23:21:38,939: process_command() 'Received command: ['--preferences']'
INFO: 2023-10-19 23:21:38,941: reload() 'Reloading preferences dialog'
INFO: 2023-10-19 23:21:45,637: set_wallpaper() 'Calling set_wallpaper with /home/red/.config/i3/wallpapers/AI_art_illustration_artwork_landscape_mountains_wood_night_sky-2216666.png'
INFO: 2023-10-19 23:21:45,638: do_set_wp() 'Calling do_set_wp with /home/red/.config/i3/wallpapers/AI_art_illustration_artwork_landscape_mountains_wood_night_sky-2216666.png, time: 1697775705.6388621'
INFO: 2023-10-19 23:21:45,648: update_indicator() 'Setting file info to: /home/red/.config/i3/wallpapers/AI_art_illustration_artwork_landscape_mountains_wood_night_sky-2216666.png'
INFO: 2023-10-19 23:21:45,782: set_wallpaper() 'Calling set_wallpaper with /home/red/.config/i3/wallpapers/AI_art_illustration_artwork_landscape_mountains_wood_night_sky-2216666.png'
INFO: 2023-10-19 23:21:46,639: do_set_wp() 'Calling do_set_wp with /home/red/.config/i3/wallpapers/AI_art_illustration_artwork_landscape_mountains_wood_night_sky-2216666.png, time: 1697775706.6391814'
INFO: 2023-10-19 23:21:46,648: update_indicator() 'Setting file info to: /home/red/.config/i3/wallpapers/AI_art_illustration_artwork_landscape_mountains_wood_night_sky-2216666.png'
INFO: 2023-10-19 23:21:46,832: set_wallpaper() 'Calling set_wallpaper with /home/red/.config/i3/wallpapers/wp9314839.jpg'
INFO: 2023-10-19 23:21:47,379: update_indicator() 'Setting file info to: /home/red/.config/i3/wallpapers/AI_art_illustration_artwork_landscape_mountains_wood_night_sky-2216666.png'
INFO: 2023-10-19 23:21:47,639: do_set_wp() 'Calling do_set_wp with /home/red/.config/i3/wallpapers/wp9314839.jpg, time: 1697775707.6393569'
INFO: 2023-10-19 23:21:47,655: update_indicator() 'Setting file info to: /home/red/.config/i3/wallpapers/wp9314839.jpg'
INFO: 2023-10-19 23:21:47,672: trigger_download() 'Triggering download thread to check if download needed and possible'
INFO: 2023-10-19 23:21:51,114: process_command() 'Received command: ['--preferences']'
INFO: 2023-10-19 23:21:51,117: reload() 'Reloading preferences dialog'
INFO: 2023-10-19 23:21:54,617: set_wallpaper() 'Calling set_wallpaper with /home/red/.config/i3/wallpapers/AI_art_illustration_artwork_landscape_mountains_wood_night_sky-2216666.png'
INFO: 2023-10-19 23:21:54,618: do_set_wp() 'Calling do_set_wp with /home/red/.config/i3/wallpapers/AI_art_illustration_artwork_landscape_mountains_wood_night_sky-2216666.png, time: 1697775714.6180134'
INFO: 2023-10-19 23:21:54,630: update_indicator() 'Setting file info to: /home/red/.config/i3/wallpapers/AI_art_illustration_artwork_landscape_mountains_wood_night_sky-2216666.png'
INFO: 2023-10-19 23:21:54,780: set_wallpaper() 'Calling set_wallpaper with /home/red/.config/i3/wallpapers/AI_art_illustration_artwork_landscape_mountains_wood_night_sky-2216666.png'
INFO: 2023-10-19 23:21:55,524: update_indicator() 'Setting file info to: /home/red/.config/i3/wallpapers/AI_art_illustration_artwork_landscape_mountains_wood_night_sky-2216666.png'
INFO: 2023-10-19 23:21:55,618: do_set_wp() 'Calling do_set_wp with /home/red/.config/i3/wallpapers/AI_art_illustration_artwork_landscape_mountains_wood_night_sky-2216666.png, time: 1697775715.6182613'
INFO: 2023-10-19 23:21:55,636: update_indicator() 'Setting file info to: /home/red/.config/i3/wallpapers/AI_art_illustration_artwork_landscape_mountains_wood_night_sky-2216666.png'
INFO: 2023-10-19 23:21:55,837: trigger_download() 'Triggering download thread to check if download needed and possible'
INFO: 2023-10-19 23:22:13,324: process_command() 'Received command: ['--preferences']'
INFO: 2023-10-19 23:22:13,327: reload() 'Reloading preferences dialog'
INFO: 2023-10-19 23:22:18,010: set_wallpaper() 'Calling set_wallpaper with /home/red/.config/i3/wallpapers/wallpapersden.com_anime-landscape-mountains-peak_1952x1120.jpg'
INFO: 2023-10-19 23:22:18,011: do_set_wp() 'Calling do_set_wp with /home/red/.config/i3/wallpapers/wallpapersden.com_anime-landscape-mountains-peak_1952x1120.jpg, time: 1697775738.0113254'
INFO: 2023-10-19 23:22:18,023: update_indicator() 'Setting file info to: /home/red/.config/i3/wallpapers/wallpapersden.com_anime-landscape-mountains-peak_1952x1120.jpg'
INFO: 2023-10-19 23:22:21,076: set_wallpaper() 'Calling set_wallpaper with /home/red/.config/i3/wallpapers/7edac669f5fa0febc49f5d1b184a2ccd.jpg'
INFO: 2023-10-19 23:22:21,077: do_set_wp() 'Calling do_set_wp with /home/red/.config/i3/wallpapers/7edac669f5fa0febc49f5d1b184a2ccd.jpg, time: 1697775741.0777297'
INFO: 2023-10-19 23:22:21,090: update_indicator() 'Setting file info to: /home/red/.config/i3/wallpapers/7edac669f5fa0febc49f5d1b184a2ccd.jpg'
INFO: 2023-10-19 23:22:22,595: update_indicator() 'Setting file info to: /home/red/.config/i3/wallpapers/7edac669f5fa0febc49f5d1b184a2ccd.jpg'
INFO: 2023-10-19 23:22:22,856: trigger_download() 'Triggering download thread to check if download needed and possible'
INFO: 2023-10-19 23:28:28,141: process_command() 'Received command: ['--preferences']'
INFO: 2023-10-19 23:28:28,144: reload() 'Reloading preferences dialog'
INFO: 2023-10-19 23:28:32,281: update_indicator() 'Setting file info to: /home/red/.config/i3/wallpapers/7edac669f5fa0febc49f5d1b184a2ccd.jpg'
INFO: 2023-10-19 23:28:47,467: trigger_download() 'Triggering download thread to check if download needed and possible'
INFO: 2023-10-19 23:28:49,110: process_command() 'Received command: ['--preferences']'
INFO: 2023-10-19 23:28:49,113: reload() 'Reloading preferences dialog'
INFO: 2023-10-19 23:28:51,898: set_wallpaper() 'Calling set_wallpaper with /home/red/.config/i3/wallpapers/ctp-mountains.png'
INFO: 2023-10-19 23:28:51,899: do_set_wp() 'Calling do_set_wp with /home/red/.config/i3/wallpapers/ctp-mountains.png, time: 1697776131.8991852'
INFO: 2023-10-19 23:28:51,911: update_indicator() 'Setting file info to: /home/red/.config/i3/wallpapers/ctp-mountains.png'
INFO: 2023-10-19 23:28:52,865: update_indicator() 'Setting file info to: /home/red/.config/i3/wallpapers/ctp-mountains.png'
INFO: 2023-10-19 23:28:53,188: trigger_download() 'Triggering download thread to check if download needed and possible'
INFO: 2023-10-19 23:29:04,429: process_command() 'Received command: ['--preferences']'
INFO: 2023-10-19 23:29:04,432: reload() 'Reloading preferences dialog'
INFO: 2023-10-19 23:29:06,872: set_wallpaper() 'Calling set_wallpaper with /home/red/.config/i3/wallpapers/7edac669f5fa0febc49f5d1b184a2ccd.jpg'
INFO: 2023-10-19 23:29:06,872: do_set_wp() 'Calling do_set_wp with /home/red/.config/i3/wallpapers/7edac669f5fa0febc49f5d1b184a2ccd.jpg, time: 1697776146.8727407'
INFO: 2023-10-19 23:29:06,886: update_indicator() 'Setting file info to: /home/red/.config/i3/wallpapers/7edac669f5fa0febc49f5d1b184a2ccd.jpg'
INFO: 2023-10-19 23:29:08,177: set_wallpaper() 'Calling set_wallpaper with /home/red/.config/i3/wallpapers/0759750a41964c5888557fa070d088d6.jpg'
INFO: 2023-10-19 23:29:08,178: do_set_wp() 'Calling do_set_wp with /home/red/.config/i3/wallpapers/0759750a41964c5888557fa070d088d6.jpg, time: 1697776148.1780167'
INFO: 2023-10-19 23:29:08,189: update_indicator() 'Setting file info to: /home/red/.config/i3/wallpapers/0759750a41964c5888557fa070d088d6.jpg'
INFO: 2023-10-19 23:29:10,062: set_wallpaper() 'Calling set_wallpaper with /home/red/.config/i3/wallpapers/wallpapersden.com_anime-landscape-mountains-peak_1952x1120.jpg'
INFO: 2023-10-19 23:29:10,062: do_set_wp() 'Calling do_set_wp with /home/red/.config/i3/wallpapers/wallpapersden.com_anime-landscape-mountains-peak_1952x1120.jpg, time: 1697776150.0629747'
INFO: 2023-10-19 23:29:10,073: update_indicator() 'Setting file info to: /home/red/.config/i3/wallpapers/wallpapersden.com_anime-landscape-mountains-peak_1952x1120.jpg'
INFO: 2023-10-19 23:29:12,690: update_indicator() 'Setting file info to: /home/red/.config/i3/wallpapers/wallpapersden.com_anime-landscape-mountains-peak_1952x1120.jpg'
INFO: 2023-10-19 23:29:12,871: trigger_download() 'Triggering download thread to check if download needed and possible'
INFO: 2023-10-19 23:45:29,642: process_command() 'Received command: ['--preferences']'
INFO: 2023-10-19 23:45:29,645: reload() 'Reloading preferences dialog'
INFO: 2023-10-19 23:45:35,562: set_wallpaper() 'Calling set_wallpaper with /home/red/.config/i3/wallpapers/gruvbox_forest-4.png'
INFO: 2023-10-19 23:45:35,563: do_set_wp() 'Calling do_set_wp with /home/red/.config/i3/wallpapers/gruvbox_forest-4.png, time: 1697777135.563774'
INFO: 2023-10-19 23:45:35,573: update_indicator() 'Setting file info to: /home/red/.config/i3/wallpapers/gruvbox_forest-4.png'
INFO: 2023-10-19 23:45:35,709: set_wallpaper() 'Calling set_wallpaper with /home/red/.config/i3/wallpapers/gruvbox_forest-4.png'
INFO: 2023-10-19 23:45:36,457: update_indicator() 'Setting file info to: /home/red/.config/i3/wallpapers/gruvbox_forest-4.png'
INFO: 2023-10-19 23:45:36,564: do_set_wp() 'Calling do_set_wp with /home/red/.config/i3/wallpapers/gruvbox_forest-4.png, time: 1697777136.564036'
INFO: 2023-10-19 23:45:36,589: update_indicator() 'Setting file info to: /home/red/.config/i3/wallpapers/gruvbox_forest-4.png'
INFO: 2023-10-19 23:45:36,814: trigger_download() 'Triggering download thread to check if download needed and possible'
INFO: 2023-10-19 23:50:19,935: process_command() 'Received command: ['--preferences']'
INFO: 2023-10-19 23:50:19,937: reload() 'Reloading preferences dialog'
INFO: 2023-10-19 23:50:25,953: set_wallpaper() 'Calling set_wallpaper with /home/red/.config/i3/wallpapers/BigSurTakeII_Mac.jpg'
INFO: 2023-10-19 23:50:25,953: do_set_wp() 'Calling do_set_wp with /home/red/.config/i3/wallpapers/BigSurTakeII_Mac.jpg, time: 1697777425.9539747'
INFO: 2023-10-19 23:50:25,966: update_indicator() 'Setting file info to: /home/red/.config/i3/wallpapers/BigSurTakeII_Mac.jpg'
INFO: 2023-10-19 23:50:26,105: set_wallpaper() 'Calling set_wallpaper with /home/red/.config/i3/wallpapers/BigSurTakeII_Mac.jpg'
INFO: 2023-10-19 23:50:26,275: set_wallpaper() 'Calling set_wallpaper with /home/red/.config/i3/wallpapers/BigSurTakeII_Mac.jpg'
INFO: 2023-10-19 23:50:26,954: do_set_wp() 'Calling do_set_wp with /home/red/.config/i3/wallpapers/BigSurTakeII_Mac.jpg, time: 1697777426.9542425'
INFO: 2023-10-19 23:50:26,961: update_indicator() 'Setting file info to: /home/red/.config/i3/wallpapers/BigSurTakeII_Mac.jpg'
INFO: 2023-10-19 23:50:28,368: update_indicator() 'Setting file info to: /home/red/.config/i3/wallpapers/BigSurTakeII_Mac.jpg'
INFO: 2023-10-19 23:50:28,631: trigger_download() 'Triggering download thread to check if download needed and possible'
INFO: 2023-10-19 23:50:37,485: process_command() 'Received command: ['--preferences']'
INFO: 2023-10-19 23:50:37,488: reload() 'Reloading preferences dialog'
INFO: 2023-10-19 23:50:41,817: set_wallpaper() 'Calling set_wallpaper with /home/red/.config/i3/wallpapers/LionwithCypresses_Mac.jpg'
INFO: 2023-10-19 23:50:41,817: do_set_wp() 'Calling do_set_wp with /home/red/.config/i3/wallpapers/LionwithCypresses_Mac.jpg, time: 1697777441.8176732'
INFO: 2023-10-19 23:50:41,827: update_indicator() 'Setting file info to: /home/red/.config/i3/wallpapers/LionwithCypresses_Mac.jpg'
INFO: 2023-10-19 23:50:41,955: set_wallpaper() 'Calling set_wallpaper with /home/red/.config/i3/wallpapers/LionwithCypresses_Mac.jpg'
INFO: 2023-10-19 23:50:42,817: do_set_wp() 'Calling do_set_wp with /home/red/.config/i3/wallpapers/LionwithCypresses_Mac.jpg, time: 1697777442.817886'
INFO: 2023-10-19 23:50:42,827: update_indicator() 'Setting file info to: /home/red/.config/i3/wallpapers/LionwithCypresses_Mac.jpg'
INFO: 2023-10-19 23:50:42,903: set_wallpaper() 'Calling set_wallpaper with /home/red/.config/i3/wallpapers/LionwithCypresses_Mac.jpg'
INFO: 2023-10-19 23:50:43,090: set_wallpaper() 'Calling set_wallpaper with /home/red/.config/i3/wallpapers/LionwithCypresses_Mac.jpg'
INFO: 2023-10-19 23:50:44,168: set_wallpaper() 'Calling set_wallpaper with /home/red/.config/i3/wallpapers/LionwithCypresses_Mac.jpg'
INFO: 2023-10-19 23:50:44,337: set_wallpaper() 'Calling set_wallpaper with /home/red/.config/i3/wallpapers/LionwithCypresses_Mac.jpg'
INFO: 2023-10-19 23:50:44,897: set_wallpaper() 'Calling set_wallpaper with /home/red/.config/i3/wallpapers/BigSurTakeII_Mac.jpg'
INFO: 2023-10-19 23:50:44,897: do_set_wp() 'Calling do_set_wp with /home/red/.config/i3/wallpapers/BigSurTakeII_Mac.jpg, time: 1697777444.8972843'
INFO: 2023-10-19 23:50:44,907: update_indicator() 'Setting file info to: /home/red/.config/i3/wallpapers/BigSurTakeII_Mac.jpg'
INFO: 2023-10-19 23:50:45,066: set_wallpaper() 'Calling set_wallpaper with /home/red/.config/i3/wallpapers/BigSurTakeII_Mac.jpg'
INFO: 2023-10-19 23:50:45,865: set_wallpaper() 'Calling set_wallpaper with /home/red/.config/i3/wallpapers/LionwithCypresses_Mac.jpg'
INFO: 2023-10-19 23:50:45,897: do_set_wp() 'Calling do_set_wp with /home/red/.config/i3/wallpapers/LionwithCypresses_Mac.jpg, time: 1697777445.8977559'
INFO: 2023-10-19 23:50:45,907: update_indicator() 'Setting file info to: /home/red/.config/i3/wallpapers/LionwithCypresses_Mac.jpg'
INFO: 2023-10-19 23:50:47,731: update_indicator() 'Setting file info to: /home/red/.config/i3/wallpapers/LionwithCypresses_Mac.jpg'
INFO: 2023-10-19 23:50:48,078: trigger_download() 'Triggering download thread to check if download needed and possible'
INFO: 2023-10-19 23:51:38,806: process_command() 'Received command: ['--preferences']'
INFO: 2023-10-19 23:51:38,809: reload() 'Reloading preferences dialog'
INFO: 2023-10-19 23:51:52,919: update_indicator() 'Setting file info to: /home/red/.config/i3/wallpapers/LionwithCypresses_Mac.jpg'
INFO: 2023-10-19 23:51:53,055: trigger_download() 'Triggering download thread to check if download needed and possible'
INFO: 2023-10-19 23:53:32,089: process_command() 'Received command: ['--preferences']'
INFO: 2023-10-19 23:53:32,092: reload() 'Reloading preferences dialog'
INFO: 2023-10-19 23:53:36,137: set_wallpaper() 'Calling set_wallpaper with /home/red/.config/i3/wallpapers/tempimagec5y0vv.png'
INFO: 2023-10-19 23:53:36,138: do_set_wp() 'Calling do_set_wp with /home/red/.config/i3/wallpapers/tempimagec5y0vv.png, time: 1697777616.13834'
INFO: 2023-10-19 23:53:36,147: update_indicator() 'Setting file info to: /home/red/.config/i3/wallpapers/tempimagec5y0vv.png'
INFO: 2023-10-19 23:53:37,913: update_indicator() 'Setting file info to: /home/red/.config/i3/wallpapers/tempimagec5y0vv.png'
INFO: 2023-10-19 23:53:38,188: trigger_download() 'Triggering download thread to check if download needed and possible'
INFO: 2023-10-20 00:07:09,780: process_command() 'Received command: ['--preferences']'
INFO: 2023-10-20 00:07:09,783: reload() 'Reloading preferences dialog'
INFO: 2023-10-20 00:07:14,144: set_wallpaper() 'Calling set_wallpaper with /home/red/.config/i3/wallpapers/gruvbox_forest-4.png'
INFO: 2023-10-20 00:07:14,145: do_set_wp() 'Calling do_set_wp with /home/red/.config/i3/wallpapers/gruvbox_forest-4.png, time: 1697778434.1454282'
INFO: 2023-10-20 00:07:14,155: update_indicator() 'Setting file info to: /home/red/.config/i3/wallpapers/gruvbox_forest-4.png'
INFO: 2023-10-20 00:07:14,297: set_wallpaper() 'Calling set_wallpaper with /home/red/.config/i3/wallpapers/gruvbox_forest-4.png'
INFO: 2023-10-20 00:07:15,145: do_set_wp() 'Calling do_set_wp with /home/red/.config/i3/wallpapers/gruvbox_forest-4.png, time: 1697778435.1456747'
INFO: 2023-10-20 00:07:15,152: update_indicator() 'Setting file info to: /home/red/.config/i3/wallpapers/gruvbox_forest-4.png'
INFO: 2023-10-20 00:07:15,975: set_wallpaper() 'Calling set_wallpaper with /home/red/.config/i3/wallpapers/AI_art_illustration_artwork_landscape_mountains_wood_night_sky-2216666.png'
INFO: 2023-10-20 00:07:16,146: do_set_wp() 'Calling do_set_wp with /home/red/.config/i3/wallpapers/AI_art_illustration_artwork_landscape_mountains_wood_night_sky-2216666.png, time: 1697778436.1461914'
INFO: 2023-10-20 00:07:16,156: update_indicator() 'Setting file info to: /home/red/.config/i3/wallpapers/AI_art_illustration_artwork_landscape_mountains_wood_night_sky-2216666.png'
INFO: 2023-10-20 00:07:16,164: set_wallpaper() 'Calling set_wallpaper with /home/red/.config/i3/wallpapers/AI_art_illustration_artwork_landscape_mountains_wood_night_sky-2216666.png'
INFO: 2023-10-20 00:07:17,146: do_set_wp() 'Calling do_set_wp with /home/red/.config/i3/wallpapers/AI_art_illustration_artwork_landscape_mountains_wood_night_sky-2216666.png, time: 1697778437.1463614'
INFO: 2023-10-20 00:07:17,153: update_indicator() 'Setting file info to: /home/red/.config/i3/wallpapers/AI_art_illustration_artwork_landscape_mountains_wood_night_sky-2216666.png'
INFO: 2023-10-20 00:07:18,102: set_wallpaper() 'Calling set_wallpaper with /home/red/.config/i3/wallpapers/wp9314839.jpg'
INFO: 2023-10-20 00:07:18,146: do_set_wp() 'Calling do_set_wp with /home/red/.config/i3/wallpapers/wp9314839.jpg, time: 1697778438.1466954'
INFO: 2023-10-20 00:07:18,155: update_indicator() 'Setting file info to: /home/red/.config/i3/wallpapers/wp9314839.jpg'
INFO: 2023-10-20 00:07:18,288: set_wallpaper() 'Calling set_wallpaper with /home/red/.config/i3/wallpapers/wp9314839.jpg'
INFO: 2023-10-20 00:07:19,146: do_set_wp() 'Calling do_set_wp with /home/red/.config/i3/wallpapers/wp9314839.jpg, time: 1697778439.1468294'
INFO: 2023-10-20 00:07:19,154: update_indicator() 'Setting file info to: /home/red/.config/i3/wallpapers/wp9314839.jpg'
INFO: 2023-10-20 00:07:20,472: set_wallpaper() 'Calling set_wallpaper with /home/red/.config/i3/wallpapers/ctp-mountains.png'
INFO: 2023-10-20 00:07:20,473: do_set_wp() 'Calling do_set_wp with /home/red/.config/i3/wallpapers/ctp-mountains.png, time: 1697778440.4735706'
INFO: 2023-10-20 00:07:20,484: update_indicator() 'Setting file info to: /home/red/.config/i3/wallpapers/ctp-mountains.png'
INFO: 2023-10-20 00:07:20,630: set_wallpaper() 'Calling set_wallpaper with /home/red/.config/i3/wallpapers/ctp-mountains.png'
INFO: 2023-10-20 00:07:21,473: do_set_wp() 'Calling do_set_wp with /home/red/.config/i3/wallpapers/ctp-mountains.png, time: 1697778441.473724'
INFO: 2023-10-20 00:07:21,480: update_indicator() 'Setting file info to: /home/red/.config/i3/wallpapers/ctp-mountains.png'
INFO: 2023-10-20 00:07:23,512: update_indicator() 'Setting file info to: /home/red/.config/i3/wallpapers/ctp-mountains.png'
INFO: 2023-10-20 00:07:23,654: trigger_download() 'Triggering download thread to check if download needed and possible'
INFO: 2023-10-20 00:07:52,766: process_command() 'Received command: ['--preferences']'
INFO: 2023-10-20 00:07:52,769: reload() 'Reloading preferences dialog'
INFO: 2023-10-20 00:07:58,184: set_wallpaper() 'Calling set_wallpaper with /home/red/.config/i3/wallpapers/LionwithCypresses_Mac.jpg'
INFO: 2023-10-20 00:07:58,184: do_set_wp() 'Calling do_set_wp with /home/red/.config/i3/wallpapers/LionwithCypresses_Mac.jpg, time: 1697778478.1847613'
INFO: 2023-10-20 00:07:58,194: update_indicator() 'Setting file info to: /home/red/.config/i3/wallpapers/LionwithCypresses_Mac.jpg'
INFO: 2023-10-20 00:07:58,329: set_wallpaper() 'Calling set_wallpaper with /home/red/.config/i3/wallpapers/LionwithCypresses_Mac.jpg'
INFO: 2023-10-20 00:07:59,185: do_set_wp() 'Calling do_set_wp with /home/red/.config/i3/wallpapers/LionwithCypresses_Mac.jpg, time: 1697778479.1849797'
INFO: 2023-10-20 00:07:59,196: update_indicator() 'Setting file info to: /home/red/.config/i3/wallpapers/LionwithCypresses_Mac.jpg'
INFO: 2023-10-20 00:07:59,485: set_wallpaper() 'Calling set_wallpaper with /home/red/.config/i3/wallpapers/LionwithCypresses_Mac.jpg'
INFO: 2023-10-20 00:07:59,671: set_wallpaper() 'Calling set_wallpaper with /home/red/.config/i3/wallpapers/LionwithCypresses_Mac.jpg'
INFO: 2023-10-20 00:08:21,701: set_wallpaper() 'Calling set_wallpaper with /home/red/.config/i3/wallpapers/wp9314839.jpg'
INFO: 2023-10-20 00:08:21,701: do_set_wp() 'Calling do_set_wp with /home/red/.config/i3/wallpapers/wp9314839.jpg, time: 1697778501.701807'
INFO: 2023-10-20 00:08:21,710: update_indicator() 'Setting file info to: /home/red/.config/i3/wallpapers/wp9314839.jpg'
INFO: 2023-10-20 00:08:21,836: set_wallpaper() 'Calling set_wallpaper with /home/red/.config/i3/wallpapers/wp9314839.jpg'
INFO: 2023-10-20 00:08:22,702: do_set_wp() 'Calling do_set_wp with /home/red/.config/i3/wallpapers/wp9314839.jpg, time: 1697778502.7020977'
INFO: 2023-10-20 00:08:22,709: update_indicator() 'Setting file info to: /home/red/.config/i3/wallpapers/wp9314839.jpg'
INFO: 2023-10-20 00:08:22,831: update_indicator() 'Setting file info to: /home/red/.config/i3/wallpapers/wp9314839.jpg'
INFO: 2023-10-20 00:08:22,977: trigger_download() 'Triggering download thread to check if download needed and possible'
INFO: 2023-10-20 00:08:37,854: process_command() 'Received command: ['--preferences']'
INFO: 2023-10-20 00:08:37,857: reload() 'Reloading preferences dialog'
INFO: 2023-10-20 00:08:38,619: trigger_download() 'Triggering download thread to check if download needed and possible'
